0 verbose cli /Users/joshuajohnson/.nvm/versions/node/v22.15.0/bin/node /Users/joshuajohnson/.nvm/versions/node/v22.15.0/bin/npm
1 info using npm@10.9.2
2 info using node@v22.15.0
3 silly config load:file:/Users/joshuajohnson/.nvm/versions/node/v22.15.0/lib/node_modules/npm/npmrc
4 silly config load:file:/Users/joshuajohnson/Stuff/VoiceAI app/ai-receptionist/.npmrc
5 silly config load:file:/Users/joshuajohnson/.npmrc
6 silly config load:file:/Users/joshuajohnson/.nvm/versions/node/v22.15.0/etc/npmrc
7 verbose title npm i postgres
8 verbose argv "i" "postgres"
9 verbose logfile logs-max:10 dir:/Users/joshuajohnson/Stuff/VoiceAI app/ai-receptionist/.npm-cache/_logs/2025-11-02T06_41_29_292Z-
10 verbose logfile /Users/joshuajohnson/Stuff/VoiceAI app/ai-receptionist/.npm-cache/_logs/2025-11-02T06_41_29_292Z-debug-0.log
11 silly logfile done cleaning log files
12 silly packumentCache heap:4345298944 maxSize:1086324736 maxEntrySize:543162368
13 silly idealTree buildDeps
14 silly fetch manifest postgres@*
15 silly packumentCache full:https://registry.npmjs.org/postgres cache-miss
16 http fetch GET https://registry.npmjs.org/postgres attempt 1 failed with ENOTFOUND
17 http fetch GET https://registry.npmjs.org/postgres attempt 2 failed with ENOTFOUND
18 http fetch GET https://registry.npmjs.org/postgres attempt 3 failed with ENOTFOUND
19 silly placeDep ROOT postgres@ OK for: ai-receptionist@1.0.0 want: *
20 verbose type system
21 verbose stack FetchError: request to https://registry.npmjs.org/postgres failed, reason: getaddrinfo ENOTFOUND registry.npmjs.org
21 verbose stack     at ClientRequest.<anonymous> (/Users/joshuajohnson/.nvm/versions/node/v22.15.0/lib/node_modules/npm/node_modules/minipass-fetch/lib/index.js:130:14)
21 verbose stack     at ClientRequest.emit (node:events:518:28)
21 verbose stack     at emitErrorEvent (node:_http_client:104:11)
21 verbose stack     at _destroy (node:_http_client:898:9)
21 verbose stack     at onSocketNT (node:_http_client:918:5)
21 verbose stack     at process.processTicksAndRejections (node:internal/process/task_queues:91:21)
22 error code ENOTFOUND
23 error syscall getaddrinfo
24 error errno ENOTFOUND
25 error network request to https://registry.npmjs.org/postgres failed, reason: getaddrinfo ENOTFOUND registry.npmjs.org
26 error network This is a problem related to network connectivity.
26 error network In most cases you are behind a proxy or have bad network settings.
26 error network
26 error network If you are behind a proxy, please make sure that the
26 error network 'proxy' config is set properly.  See: 'npm help config'
27 silly unfinished npm timer reify 1762065689502
28 silly unfinished npm timer reify:loadTrees 1762065689502
29 verbose cwd /Users/joshuajohnson/Stuff/VoiceAI app/ai-receptionist
30 verbose os Darwin 24.3.0
31 verbose node v22.15.0
32 verbose npm  v10.9.2
33 verbose exit 1
34 verbose code 1
35 error A complete log of this run can be found in: /Users/joshuajohnson/Stuff/VoiceAI app/ai-receptionist/.npm-cache/_logs/2025-11-02T06_41_29_292Z-debug-0.log
